<testsuite failures="0" name="src/test/java/featurefiles/Karate01.feature" skipped="0" tests="3" time="0.050129">
  <testcase classname="src.test.java.featurefiles.Karate01" name="karate test case 1" time="0.042909">
    <system-out>Given def a = 10 .......................................................... passed
And def b = 20 ............................................................ passed
When def c = a + b ........................................................ passed
Then assert c == 30 ....................................................... passed
And print "c = ",c ........................................................ passed
And karate.log("end of log") .............................................. passed</system-out>
  </testcase>
  <testcase classname="src.test.java.featurefiles.Karate01" name="karate test case 2" time="0.003691">
    <system-out>Given def a = 10 .......................................................... passed
And def b = 20 ............................................................ passed
When def c = a + b ........................................................ passed
Then assert c == 30 ....................................................... passed
And print "c = ",c ........................................................ passed
And karate.log("end of log") .............................................. passed
Given def a = 10 .......................................................... passed
* def b = 20 .............................................................. passed
When def c = a + b ........................................................ passed
Then assert c == 30 ....................................................... passed
* print "c = ",c .......................................................... passed
* karate.log("end of log") ................................................ passed</system-out>
  </testcase>
  <testcase classname="src.test.java.featurefiles.Karate01" name="karate test case 3" time="0.00353">
    <system-out>Given def a = 10 .......................................................... passed
And def b = 20 ............................................................ passed
When def c = a + b ........................................................ passed
Then assert c == 30 ....................................................... passed
And print "c = ",c ........................................................ passed
And karate.log("end of log") .............................................. passed
Given def a = 10 .......................................................... passed
* def b = 20 .............................................................. passed
When def c = a + b ........................................................ passed
Then assert c == 30 ....................................................... passed
* print "c = ",c .......................................................... passed
* karate.log("end of log") ................................................ passed
* def a = 10 .............................................................. passed
* def b = 20 .............................................................. passed
* def c = a + b ........................................................... passed
* assert c == 30 .......................................................... passed
* print "c = ",c .......................................................... passed
* karate.log("end of log") ................................................ passed</system-out>
  </testcase>
</testsuite>
