<testsuite failures="0" name="src/test/java/featurefiles/Karate22Kafka3.feature" skipped="0" tests="8" time="1.532679">
  <testcase classname="src.test.java.featurefiles.Karate22Kafka3" name="Creating Consumer" time="0.431033">
    <system-out>Given url "http://192.168.1.62:8082" ...................................... passed
Given path "/consumers/my-consumer-group" ................................. passed
And request ............................................................... passed
And header Content-Type = "application/vnd.kafka.json.v2+json" ............ passed
When method post .......................................................... passed
Then status 200 ........................................................... passed
* print response .......................................................... passed
* match response.instance_id == "pravalika_consumer" ...................... passed
* def consumer_url = response.base_uri .................................... passed
* print consumer_url ...................................................... passed</system-out>
  </testcase>
  <testcase classname="src.test.java.featurefiles.Karate22Kafka3" name="Subscribing to topic" time="0.01645">
    <system-out>Given url "http://192.168.1.62:8082" ...................................... passed
Given path "/consumers/my-consumer-group" ................................. passed
And request ............................................................... passed
And header Content-Type = "application/vnd.kafka.json.v2+json" ............ passed
When method post .......................................................... passed
Then status 200 ........................................................... passed
* print response .......................................................... passed
* match response.instance_id == "pravalika_consumer" ...................... passed
* def consumer_url = response.base_uri .................................... passed
* print consumer_url ...................................................... passed
Given url "http://192.168.1.62:8082" ...................................... passed
Given path "/consumers/my-consumer-group/instances/pravalika_consumer/subscription" . passed
And request ............................................................... passed
And header Content-Type = "application/vnd.kafka.v2+json" ................. passed
When method post .......................................................... passed
Then status 204 ........................................................... passed</system-out>
  </testcase>
  <testcase classname="src.test.java.featurefiles.Karate22Kafka3" name="Getting Subscription" time="0.024685">
    <system-out>Given url "http://192.168.1.62:8082" ...................................... passed
Given path "/consumers/my-consumer-group" ................................. passed
And request ............................................................... passed
And header Content-Type = "application/vnd.kafka.json.v2+json" ............ passed
When method post .......................................................... passed
Then status 200 ........................................................... passed
* print response .......................................................... passed
* match response.instance_id == "pravalika_consumer" ...................... passed
* def consumer_url = response.base_uri .................................... passed
* print consumer_url ...................................................... passed
Given url "http://192.168.1.62:8082" ...................................... passed
Given path "/consumers/my-consumer-group/instances/pravalika_consumer/subscription" . passed
And request ............................................................... passed
And header Content-Type = "application/vnd.kafka.v2+json" ................. passed
When method post .......................................................... passed
Then status 204 ........................................................... passed
Given url "http://192.168.1.62:8082" ...................................... passed
Given path "/consumers/my-consumer-group/instances/pravalika_consumer/subscription" . passed
And header Accept = "application/vnd.kafka.v2+json" ....................... passed
When method get ........................................................... passed
Then status 200 ........................................................... passed
* print response .......................................................... passed
* assert response.topics[0] == "pravalika_topic" .......................... passed</system-out>
  </testcase>
  <testcase classname="src.test.java.featurefiles.Karate22Kafka3" name="Getting Subscription records" time="1.017184">
    <system-out>Given url "http://192.168.1.62:8082" ...................................... passed
Given path "/consumers/my-consumer-group" ................................. passed
And request ............................................................... passed
And header Content-Type = "application/vnd.kafka.json.v2+json" ............ passed
When method post .......................................................... passed
Then status 200 ........................................................... passed
* print response .......................................................... passed
* match response.instance_id == "pravalika_consumer" ...................... passed
* def consumer_url = response.base_uri .................................... passed
* print consumer_url ...................................................... passed
Given url "http://192.168.1.62:8082" ...................................... passed
Given path "/consumers/my-consumer-group/instances/pravalika_consumer/subscription" . passed
And request ............................................................... passed
And header Content-Type = "application/vnd.kafka.v2+json" ................. passed
When method post .......................................................... passed
Then status 204 ........................................................... passed
Given url "http://192.168.1.62:8082" ...................................... passed
Given path "/consumers/my-consumer-group/instances/pravalika_consumer/subscription" . passed
And header Accept = "application/vnd.kafka.v2+json" ....................... passed
When method get ........................................................... passed
Then status 200 ........................................................... passed
* print response .......................................................... passed
* assert response.topics[0] == "pravalika_topic" .......................... passed
Given url "http://192.168.1.62:8082" ...................................... passed
Given path "/consumers/my-consumer-group/instances/pravalika_consumer/records" . passed
And param timeout = 3000 .................................................. passed
And param max_bytes = 300000 .............................................. passed
And header Accept = "application/vnd.kafka.json.v2+json" .................. passed
When method get ........................................................... passed
Then status 200 ........................................................... passed
* print response .......................................................... passed</system-out>
  </testcase>
  <testcase classname="src.test.java.featurefiles.Karate22Kafka3" name="Getting assigned Assignments" time="0.013978">
    <system-out>Given url "http://192.168.1.62:8082" ...................................... passed
Given path "/consumers/my-consumer-group" ................................. passed
And request ............................................................... passed
And header Content-Type = "application/vnd.kafka.json.v2+json" ............ passed
When method post .......................................................... passed
Then status 200 ........................................................... passed
* print response .......................................................... passed
* match response.instance_id == "pravalika_consumer" ...................... passed
* def consumer_url = response.base_uri .................................... passed
* print consumer_url ...................................................... passed
Given url "http://192.168.1.62:8082" ...................................... passed
Given path "/consumers/my-consumer-group/instances/pravalika_consumer/subscription" . passed
And request ............................................................... passed
And header Content-Type = "application/vnd.kafka.v2+json" ................. passed
When method post .......................................................... passed
Then status 204 ........................................................... passed
Given url "http://192.168.1.62:8082" ...................................... passed
Given path "/consumers/my-consumer-group/instances/pravalika_consumer/subscription" . passed
And header Accept = "application/vnd.kafka.v2+json" ....................... passed
When method get ........................................................... passed
Then status 200 ........................................................... passed
* print response .......................................................... passed
* assert response.topics[0] == "pravalika_topic" .......................... passed
Given url "http://192.168.1.62:8082" ...................................... passed
Given path "/consumers/my-consumer-group/instances/pravalika_consumer/records" . passed
And param timeout = 3000 .................................................. passed
And param max_bytes = 300000 .............................................. passed
And header Accept = "application/vnd.kafka.json.v2+json" .................. passed
When method get ........................................................... passed
Then status 200 ........................................................... passed
* print response .......................................................... passed
Given url "http://192.168.1.62:8082" ...................................... passed
Given path "/consumers/my-consumer-group/instances/pravalika_consumer/assignments" . passed
And header Accept = "application/vnd.kafka.v2+json" ....................... passed
When method get ........................................................... passed
Then status 200 ........................................................... passed
* print response .......................................................... passed
* assert response.partitions[0].topic == "pravalika_topic" ................ passed</system-out>
  </testcase>
  <testcase classname="src.test.java.featurefiles.Karate22Kafka3" name="Deleting assigned subscription" time="0.007818">
    <system-out>Given url "http://192.168.1.62:8082" ...................................... passed
Given path "/consumers/my-consumer-group" ................................. passed
And request ............................................................... passed
And header Content-Type = "application/vnd.kafka.json.v2+json" ............ passed
When method post .......................................................... passed
Then status 200 ........................................................... passed
* print response .......................................................... passed
* match response.instance_id == "pravalika_consumer" ...................... passed
* def consumer_url = response.base_uri .................................... passed
* print consumer_url ...................................................... passed
Given url "http://192.168.1.62:8082" ...................................... passed
Given path "/consumers/my-consumer-group/instances/pravalika_consumer/subscription" . passed
And request ............................................................... passed
And header Content-Type = "application/vnd.kafka.v2+json" ................. passed
When method post .......................................................... passed
Then status 204 ........................................................... passed
Given url "http://192.168.1.62:8082" ...................................... passed
Given path "/consumers/my-consumer-group/instances/pravalika_consumer/subscription" . passed
And header Accept = "application/vnd.kafka.v2+json" ....................... passed
When method get ........................................................... passed
Then status 200 ........................................................... passed
* print response .......................................................... passed
* assert response.topics[0] == "pravalika_topic" .......................... passed
Given url "http://192.168.1.62:8082" ...................................... passed
Given path "/consumers/my-consumer-group/instances/pravalika_consumer/records" . passed
And param timeout = 3000 .................................................. passed
And param max_bytes = 300000 .............................................. passed
And header Accept = "application/vnd.kafka.json.v2+json" .................. passed
When method get ........................................................... passed
Then status 200 ........................................................... passed
* print response .......................................................... passed
Given url "http://192.168.1.62:8082" ...................................... passed
Given path "/consumers/my-consumer-group/instances/pravalika_consumer/assignments" . passed
And header Accept = "application/vnd.kafka.v2+json" ....................... passed
When method get ........................................................... passed
Then status 200 ........................................................... passed
* print response .......................................................... passed
* assert response.partitions[0].topic == "pravalika_topic" ................ passed
Given url "http://192.168.1.62:8082" ...................................... passed
Given path "/consumers/my-consumer-group/instances/pravalika_consumer/subscription" . passed
And header Accept = "application/vnd.kafka.v2+json" ....................... passed
When method delete ........................................................ passed
Then status 204 ........................................................... passed</system-out>
  </testcase>
  <testcase classname="src.test.java.featurefiles.Karate22Kafka3" name="Deleting consumer" time="0.010224">
    <system-out>Given url "http://192.168.1.62:8082" ...................................... passed
Given path "/consumers/my-consumer-group" ................................. passed
And request ............................................................... passed
And header Content-Type = "application/vnd.kafka.json.v2+json" ............ passed
When method post .......................................................... passed
Then status 200 ........................................................... passed
* print response .......................................................... passed
* match response.instance_id == "pravalika_consumer" ...................... passed
* def consumer_url = response.base_uri .................................... passed
* print consumer_url ...................................................... passed
Given url "http://192.168.1.62:8082" ...................................... passed
Given path "/consumers/my-consumer-group/instances/pravalika_consumer/subscription" . passed
And request ............................................................... passed
And header Content-Type = "application/vnd.kafka.v2+json" ................. passed
When method post .......................................................... passed
Then status 204 ........................................................... passed
Given url "http://192.168.1.62:8082" ...................................... passed
Given path "/consumers/my-consumer-group/instances/pravalika_consumer/subscription" . passed
And header Accept = "application/vnd.kafka.v2+json" ....................... passed
When method get ........................................................... passed
Then status 200 ........................................................... passed
* print response .......................................................... passed
* assert response.topics[0] == "pravalika_topic" .......................... passed
Given url "http://192.168.1.62:8082" ...................................... passed
Given path "/consumers/my-consumer-group/instances/pravalika_consumer/records" . passed
And param timeout = 3000 .................................................. passed
And param max_bytes = 300000 .............................................. passed
And header Accept = "application/vnd.kafka.json.v2+json" .................. passed
When method get ........................................................... passed
Then status 200 ........................................................... passed
* print response .......................................................... passed
Given url "http://192.168.1.62:8082" ...................................... passed
Given path "/consumers/my-consumer-group/instances/pravalika_consumer/assignments" . passed
And header Accept = "application/vnd.kafka.v2+json" ....................... passed
When method get ........................................................... passed
Then status 200 ........................................................... passed
* print response .......................................................... passed
* assert response.partitions[0].topic == "pravalika_topic" ................ passed
Given url "http://192.168.1.62:8082" ...................................... passed
Given path "/consumers/my-consumer-group/instances/pravalika_consumer/subscription" . passed
And header Accept = "application/vnd.kafka.v2+json" ....................... passed
When method delete ........................................................ passed
Then status 204 ........................................................... passed
Given url "http://192.168.1.62:8082" ...................................... passed
Given path "/consumers/my-consumer-group/instances/pravalika_consumer" .... passed
And header Accept = "application/vnd.kafka.v2+json" ....................... passed
When method delete ........................................................ passed
Then status 204 ........................................................... passed</system-out>
  </testcase>
  <testcase classname="src.test.java.featurefiles.Karate22Kafka3" name="Deleting consumer - Negative Test Case" time="0.011307">
    <system-out>Given url "http://192.168.1.62:8082" ...................................... passed
Given path "/consumers/my-consumer-group" ................................. passed
And request ............................................................... passed
And header Content-Type = "application/vnd.kafka.json.v2+json" ............ passed
When method post .......................................................... passed
Then status 200 ........................................................... passed
* print response .......................................................... passed
* match response.instance_id == "pravalika_consumer" ...................... passed
* def consumer_url = response.base_uri .................................... passed
* print consumer_url ...................................................... passed
Given url "http://192.168.1.62:8082" ...................................... passed
Given path "/consumers/my-consumer-group/instances/pravalika_consumer/subscription" . passed
And request ............................................................... passed
And header Content-Type = "application/vnd.kafka.v2+json" ................. passed
When method post .......................................................... passed
Then status 204 ........................................................... passed
Given url "http://192.168.1.62:8082" ...................................... passed
Given path "/consumers/my-consumer-group/instances/pravalika_consumer/subscription" . passed
And header Accept = "application/vnd.kafka.v2+json" ....................... passed
When method get ........................................................... passed
Then status 200 ........................................................... passed
* print response .......................................................... passed
* assert response.topics[0] == "pravalika_topic" .......................... passed
Given url "http://192.168.1.62:8082" ...................................... passed
Given path "/consumers/my-consumer-group/instances/pravalika_consumer/records" . passed
And param timeout = 3000 .................................................. passed
And param max_bytes = 300000 .............................................. passed
And header Accept = "application/vnd.kafka.json.v2+json" .................. passed
When method get ........................................................... passed
Then status 200 ........................................................... passed
* print response .......................................................... passed
Given url "http://192.168.1.62:8082" ...................................... passed
Given path "/consumers/my-consumer-group/instances/pravalika_consumer/assignments" . passed
And header Accept = "application/vnd.kafka.v2+json" ....................... passed
When method get ........................................................... passed
Then status 200 ........................................................... passed
* print response .......................................................... passed
* assert response.partitions[0].topic == "pravalika_topic" ................ passed
Given url "http://192.168.1.62:8082" ...................................... passed
Given path "/consumers/my-consumer-group/instances/pravalika_consumer/subscription" . passed
And header Accept = "application/vnd.kafka.v2+json" ....................... passed
When method delete ........................................................ passed
Then status 204 ........................................................... passed
Given url "http://192.168.1.62:8082" ...................................... passed
Given path "/consumers/my-consumer-group/instances/pravalika_consumer" .... passed
And header Accept = "application/vnd.kafka.v2+json" ....................... passed
When method delete ........................................................ passed
Then status 204 ........................................................... passed
Given url "http://192.168.1.62:8082" ...................................... passed
Given path "/consumers/my-consumer-group/instances/pravalika_consumer" .... passed
And header Accept = "application/vnd.kafka.v2+json" ....................... passed
When method delete ........................................................ passed
Then status 404 ........................................................... passed
* assert response.message == "Consumer instance not found." ............... passed</system-out>
  </testcase>
</testsuite>
