<testsuite failures="0" name="src/test/java/featurefiles/Karate14.feature" skipped="0" tests="1" time="0.020539">
  <testcase classname="src.test.java.featurefiles.Karate14" name="static method TC" time="0.020539">
    <system-out>* def env2 = .............................................................. passed
* print env2() ............................................................ passed
* def res = call env2 ..................................................... passed
* print res ............................................................... passed</system-out>
  </testcase>
</testsuite>
