<testsuite failures="0" name="src/test/java/featurefiles/Karate12RestApi.feature" skipped="0" tests="2" time="1.251713">
  <testcase classname="src.test.java.featurefiles.Karate12RestApi" name="DDT test case 2" time="0.911593">
    <system-out>Given url "https://www.w3schools.com/xml/tempconvert.asmx/CelsiusToFahrenheit" . passed
And header Content-Type = "application/x-www-form-urlencoded" ............. passed
And request "Celsius=37" .................................................. passed
When method POST .......................................................... passed
Then status 200 ........................................................... passed
* print responseHeaders ................................................... passed
* print responseTime ...................................................... passed
* print response .......................................................... passed
* match responseType == "xml" ............................................. passed
* assert responseTime &lt;= 2000 ............................................. passed
* match response contains "98.6" .......................................... passed
* match response //string == "98.6" ....................................... passed</system-out>
  </testcase>
  <testcase classname="src.test.java.featurefiles.Karate12RestApi" name="DDT test case 2" time="0.340119">
    <system-out>Given url "https://www.w3schools.com/xml/tempconvert.asmx/CelsiusToFahrenheit" . passed
And header Content-Type = "application/x-www-form-urlencoded" ............. passed
And request "Celsius=37" .................................................. passed
When method POST .......................................................... passed
Then status 200 ........................................................... passed
* print responseHeaders ................................................... passed
* print responseTime ...................................................... passed
* print response .......................................................... passed
* match responseType == "xml" ............................................. passed
* assert responseTime &lt;= 2000 ............................................. passed
* match response contains "98.6" .......................................... passed
* match response //string == "98.6" ....................................... passed
Given url "https://www.w3schools.com/xml/tempconvert.asmx/CelsiusToFahrenheit" . passed
And header Content-Type = "application/x-www-form-urlencoded" ............. passed
And request "Celsius=40" .................................................. passed
When method POST .......................................................... passed
Then status 200 ........................................................... passed
* print responseHeaders ................................................... passed
* print responseTime ...................................................... passed
* print response .......................................................... passed
* match responseType == "xml" ............................................. passed
* assert responseTime &lt;= 2000 ............................................. passed
* match response contains "104" ........................................... passed
* match response //string == "104" ........................................ passed</system-out>
  </testcase>
</testsuite>
