<testsuite failures="0" name="src/test/java/featurefiles/Karate10RestApi.feature" skipped="0" tests="1" time="1.38246">
  <testcase classname="src.test.java.featurefiles.Karate10RestApi" name="Rest api test case2" time="1.38246">
    <system-out>Given url "http://dummy.restapiexample.com" ............................... passed
And path "/api/v1/employees" .............................................. passed
When method get ........................................................... passed
Then status 200 ........................................................... passed
* match responseType == "json" ............................................ passed
* match response.status == "success" ...................................... passed
* match response.status == "#string" ...................................... passed
* match response.data[0].employee_name == "Tiger Nixon" ................... passed</system-out>
  </testcase>
</testsuite>
