<testsuite failures="0" name="featurefiles/Karate07.feature" skipped="0" tests="1" time="0.009399">
  <testcase classname="featurefiles.Karate07" name="Data Type validation test case" time="0.009399">
    <system-out>* def a = 10 .............................................................. passed
* def b = "karate" ........................................................ passed
* def c = true ............................................................ passed
* match a == "#number" .................................................... passed
* match b == "#string" .................................................... passed
* match c == "#boolean" ................................................... passed
* print "After datatype validation" ....................................... passed</system-out>
  </testcase>
</testsuite>
