<testsuite failures="8" name="featurefiles/Karate22Kafka3.feature" skipped="0" tests="8" time="40.057506">
  <testcase classname="featurefiles.Karate22Kafka3" name="Creating Consumer" time="5.00138">
    <failure message="Karate22Kafka3.feature:19 - &#10;java.net.SocketTimeoutException: Read timed out">Given url "http://192.168.1.62:8082" ...................................... passed
Given path "/consumers/my-consumer-group" ................................. passed
And request ............................................................... passed
And header Content-Type = "application/vnd.kafka.json.v2+json" ............ passed
When method post .......................................................... failed

Stack Trace:
com.intuit.karate.exception.KarateException: Karate22Kafka3.feature:19 - 
java.net.SocketTimeoutException: Read timed out&#13;
	at ✽.When method post (Karate22Kafka3.feature:19)&#13;

Then status 200 ........................................................... skipped
* print response .......................................................... skipped
* match response.instance_id == "pravalika_consumer" ...................... skipped
* def consumer_url = response.base_uri .................................... skipped
* print consumer_url ...................................................... skipped</failure>
  </testcase>
  <testcase classname="featurefiles.Karate22Kafka3" name="Subscribing to topic" time="5.009222">
    <failure message="Karate22Kafka3.feature:37 - &#10;java.net.SocketTimeoutException: Read timed out">Given url "http://192.168.1.62:8082" ...................................... passed
Given path "/consumers/my-consumer-group" ................................. passed
And request ............................................................... passed
And header Content-Type = "application/vnd.kafka.json.v2+json" ............ passed
When method post .......................................................... failed

Stack Trace:
com.intuit.karate.exception.KarateException: Karate22Kafka3.feature:19 - 
java.net.SocketTimeoutException: Read timed out&#13;
	at ✽.When method post (Karate22Kafka3.feature:19)&#13;

Then status 200 ........................................................... skipped
* print response .......................................................... skipped
* match response.instance_id == "pravalika_consumer" ...................... skipped
* def consumer_url = response.base_uri .................................... skipped
* print consumer_url ...................................................... skipped
Given url "http://192.168.1.62:8082" ...................................... passed
Given path "/consumers/my-consumer-group/instances/pravalika_consumer/subscription" . passed
And request ............................................................... passed
And header Content-Type = "application/vnd.kafka.v2+json" ................. passed
When method post .......................................................... failed

Stack Trace:
com.intuit.karate.exception.KarateException: Karate22Kafka3.feature:37 - 
java.net.SocketTimeoutException: Read timed out&#13;
	at ✽.When method post (Karate22Kafka3.feature:37)&#13;

Then status 204 ........................................................... skipped</failure>
  </testcase>
  <testcase classname="featurefiles.Karate22Kafka3" name="Getting Subscription" time="5.009786">
    <failure message="Karate22Kafka3.feature:45 - &#10;java.net.SocketTimeoutException: Read timed out">Given url "http://192.168.1.62:8082" ...................................... passed
Given path "/consumers/my-consumer-group" ................................. passed
And request ............................................................... passed
And header Content-Type = "application/vnd.kafka.json.v2+json" ............ passed
When method post .......................................................... failed

Stack Trace:
com.intuit.karate.exception.KarateException: Karate22Kafka3.feature:19 - 
java.net.SocketTimeoutException: Read timed out&#13;
	at ✽.When method post (Karate22Kafka3.feature:19)&#13;

Then status 200 ........................................................... skipped
* print response .......................................................... skipped
* match response.instance_id == "pravalika_consumer" ...................... skipped
* def consumer_url = response.base_uri .................................... skipped
* print consumer_url ...................................................... skipped
Given url "http://192.168.1.62:8082" ...................................... passed
Given path "/consumers/my-consumer-group/instances/pravalika_consumer/subscription" . passed
And request ............................................................... passed
And header Content-Type = "application/vnd.kafka.v2+json" ................. passed
When method post .......................................................... failed

Stack Trace:
com.intuit.karate.exception.KarateException: Karate22Kafka3.feature:37 - 
java.net.SocketTimeoutException: Read timed out&#13;
	at ✽.When method post (Karate22Kafka3.feature:37)&#13;

Then status 204 ........................................................... skipped
Given url "http://192.168.1.62:8082" ...................................... passed
Given path "/consumers/my-consumer-group/instances/pravalika_consumer/subscription" . passed
And header Accept = "application/vnd.kafka.v2+json" ....................... passed
When method get ........................................................... failed

Stack Trace:
com.intuit.karate.exception.KarateException: Karate22Kafka3.feature:45 - 
java.net.SocketTimeoutException: Read timed out&#13;
	at ✽.When method get (Karate22Kafka3.feature:45)&#13;

Then status 200 ........................................................... skipped
* print response .......................................................... skipped
* assert response.topics[0] == "pravalika_topic" .......................... skipped</failure>
  </testcase>
  <testcase classname="featurefiles.Karate22Kafka3" name="Getting Subscription records" time="5.003778">
    <failure message="Karate22Kafka3.feature:56 - &#10;java.net.SocketTimeoutException: Read timed out">Given url "http://192.168.1.62:8082" ...................................... passed
Given path "/consumers/my-consumer-group" ................................. passed
And request ............................................................... passed
And header Content-Type = "application/vnd.kafka.json.v2+json" ............ passed
When method post .......................................................... failed

Stack Trace:
com.intuit.karate.exception.KarateException: Karate22Kafka3.feature:19 - 
java.net.SocketTimeoutException: Read timed out&#13;
	at ✽.When method post (Karate22Kafka3.feature:19)&#13;

Then status 200 ........................................................... skipped
* print response .......................................................... skipped
* match response.instance_id == "pravalika_consumer" ...................... skipped
* def consumer_url = response.base_uri .................................... skipped
* print consumer_url ...................................................... skipped
Given url "http://192.168.1.62:8082" ...................................... passed
Given path "/consumers/my-consumer-group/instances/pravalika_consumer/subscription" . passed
And request ............................................................... passed
And header Content-Type = "application/vnd.kafka.v2+json" ................. passed
When method post .......................................................... failed

Stack Trace:
com.intuit.karate.exception.KarateException: Karate22Kafka3.feature:37 - 
java.net.SocketTimeoutException: Read timed out&#13;
	at ✽.When method post (Karate22Kafka3.feature:37)&#13;

Then status 204 ........................................................... skipped
Given url "http://192.168.1.62:8082" ...................................... passed
Given path "/consumers/my-consumer-group/instances/pravalika_consumer/subscription" . passed
And header Accept = "application/vnd.kafka.v2+json" ....................... passed
When method get ........................................................... failed

Stack Trace:
com.intuit.karate.exception.KarateException: Karate22Kafka3.feature:45 - 
java.net.SocketTimeoutException: Read timed out&#13;
	at ✽.When method get (Karate22Kafka3.feature:45)&#13;

Then status 200 ........................................................... skipped
* print response .......................................................... skipped
* assert response.topics[0] == "pravalika_topic" .......................... skipped
Given url "http://192.168.1.62:8082" ...................................... passed
Given path "/consumers/my-consumer-group/instances/pravalika_consumer/records" . passed
And param timeout = 3000 .................................................. passed
And param max_bytes = 300000 .............................................. passed
And header Accept = "application/vnd.kafka.json.v2+json" .................. passed
When method get ........................................................... failed

Stack Trace:
com.intuit.karate.exception.KarateException: Karate22Kafka3.feature:56 - 
java.net.SocketTimeoutException: Read timed out&#13;
	at ✽.When method get (Karate22Kafka3.feature:56)&#13;

Then status 200 ........................................................... skipped
* print response .......................................................... skipped</failure>
  </testcase>
  <testcase classname="featurefiles.Karate22Kafka3" name="Getting assigned Assignments" time="5.001311">
    <failure message="Karate22Kafka3.feature:64 - &#10;java.net.SocketTimeoutException: Read timed out">Given url "http://192.168.1.62:8082" ...................................... passed
Given path "/consumers/my-consumer-group" ................................. passed
And request ............................................................... passed
And header Content-Type = "application/vnd.kafka.json.v2+json" ............ passed
When method post .......................................................... failed

Stack Trace:
com.intuit.karate.exception.KarateException: Karate22Kafka3.feature:19 - 
java.net.SocketTimeoutException: Read timed out&#13;
	at ✽.When method post (Karate22Kafka3.feature:19)&#13;

Then status 200 ........................................................... skipped
* print response .......................................................... skipped
* match response.instance_id == "pravalika_consumer" ...................... skipped
* def consumer_url = response.base_uri .................................... skipped
* print consumer_url ...................................................... skipped
Given url "http://192.168.1.62:8082" ...................................... passed
Given path "/consumers/my-consumer-group/instances/pravalika_consumer/subscription" . passed
And request ............................................................... passed
And header Content-Type = "application/vnd.kafka.v2+json" ................. passed
When method post .......................................................... failed

Stack Trace:
com.intuit.karate.exception.KarateException: Karate22Kafka3.feature:37 - 
java.net.SocketTimeoutException: Read timed out&#13;
	at ✽.When method post (Karate22Kafka3.feature:37)&#13;

Then status 204 ........................................................... skipped
Given url "http://192.168.1.62:8082" ...................................... passed
Given path "/consumers/my-consumer-group/instances/pravalika_consumer/subscription" . passed
And header Accept = "application/vnd.kafka.v2+json" ....................... passed
When method get ........................................................... failed

Stack Trace:
com.intuit.karate.exception.KarateException: Karate22Kafka3.feature:45 - 
java.net.SocketTimeoutException: Read timed out&#13;
	at ✽.When method get (Karate22Kafka3.feature:45)&#13;

Then status 200 ........................................................... skipped
* print response .......................................................... skipped
* assert response.topics[0] == "pravalika_topic" .......................... skipped
Given url "http://192.168.1.62:8082" ...................................... passed
Given path "/consumers/my-consumer-group/instances/pravalika_consumer/records" . passed
And param timeout = 3000 .................................................. passed
And param max_bytes = 300000 .............................................. passed
And header Accept = "application/vnd.kafka.json.v2+json" .................. passed
When method get ........................................................... failed

Stack Trace:
com.intuit.karate.exception.KarateException: Karate22Kafka3.feature:56 - 
java.net.SocketTimeoutException: Read timed out&#13;
	at ✽.When method get (Karate22Kafka3.feature:56)&#13;

Then status 200 ........................................................... skipped
* print response .......................................................... skipped
Given url "http://192.168.1.62:8082" ...................................... passed
Given path "/consumers/my-consumer-group/instances/pravalika_consumer/assignments" . passed
And header Accept = "application/vnd.kafka.v2+json" ....................... passed
When method get ........................................................... failed

Stack Trace:
com.intuit.karate.exception.KarateException: Karate22Kafka3.feature:64 - 
java.net.SocketTimeoutException: Read timed out&#13;
	at ✽.When method get (Karate22Kafka3.feature:64)&#13;

Then status 200 ........................................................... skipped
* print response .......................................................... skipped
* assert response.partitions[0].topic == "pravalika_topic" ................ skipped</failure>
  </testcase>
  <testcase classname="featurefiles.Karate22Kafka3" name="Deleting assigned subscription" time="5.010612">
    <failure message="Karate22Kafka3.feature:74 - &#10;java.net.SocketTimeoutException: Read timed out">Given url "http://192.168.1.62:8082" ...................................... passed
Given path "/consumers/my-consumer-group" ................................. passed
And request ............................................................... passed
And header Content-Type = "application/vnd.kafka.json.v2+json" ............ passed
When method post .......................................................... failed

Stack Trace:
com.intuit.karate.exception.KarateException: Karate22Kafka3.feature:19 - 
java.net.SocketTimeoutException: Read timed out&#13;
	at ✽.When method post (Karate22Kafka3.feature:19)&#13;

Then status 200 ........................................................... skipped
* print response .......................................................... skipped
* match response.instance_id == "pravalika_consumer" ...................... skipped
* def consumer_url = response.base_uri .................................... skipped
* print consumer_url ...................................................... skipped
Given url "http://192.168.1.62:8082" ...................................... passed
Given path "/consumers/my-consumer-group/instances/pravalika_consumer/subscription" . passed
And request ............................................................... passed
And header Content-Type = "application/vnd.kafka.v2+json" ................. passed
When method post .......................................................... failed

Stack Trace:
com.intuit.karate.exception.KarateException: Karate22Kafka3.feature:37 - 
java.net.SocketTimeoutException: Read timed out&#13;
	at ✽.When method post (Karate22Kafka3.feature:37)&#13;

Then status 204 ........................................................... skipped
Given url "http://192.168.1.62:8082" ...................................... passed
Given path "/consumers/my-consumer-group/instances/pravalika_consumer/subscription" . passed
And header Accept = "application/vnd.kafka.v2+json" ....................... passed
When method get ........................................................... failed

Stack Trace:
com.intuit.karate.exception.KarateException: Karate22Kafka3.feature:45 - 
java.net.SocketTimeoutException: Read timed out&#13;
	at ✽.When method get (Karate22Kafka3.feature:45)&#13;

Then status 200 ........................................................... skipped
* print response .......................................................... skipped
* assert response.topics[0] == "pravalika_topic" .......................... skipped
Given url "http://192.168.1.62:8082" ...................................... passed
Given path "/consumers/my-consumer-group/instances/pravalika_consumer/records" . passed
And param timeout = 3000 .................................................. passed
And param max_bytes = 300000 .............................................. passed
And header Accept = "application/vnd.kafka.json.v2+json" .................. passed
When method get ........................................................... failed

Stack Trace:
com.intuit.karate.exception.KarateException: Karate22Kafka3.feature:56 - 
java.net.SocketTimeoutException: Read timed out&#13;
	at ✽.When method get (Karate22Kafka3.feature:56)&#13;

Then status 200 ........................................................... skipped
* print response .......................................................... skipped
Given url "http://192.168.1.62:8082" ...................................... passed
Given path "/consumers/my-consumer-group/instances/pravalika_consumer/assignments" . passed
And header Accept = "application/vnd.kafka.v2+json" ....................... passed
When method get ........................................................... failed

Stack Trace:
com.intuit.karate.exception.KarateException: Karate22Kafka3.feature:64 - 
java.net.SocketTimeoutException: Read timed out&#13;
	at ✽.When method get (Karate22Kafka3.feature:64)&#13;

Then status 200 ........................................................... skipped
* print response .......................................................... skipped
* assert response.partitions[0].topic == "pravalika_topic" ................ skipped
Given url "http://192.168.1.62:8082" ...................................... passed
Given path "/consumers/my-consumer-group/instances/pravalika_consumer/subscription" . passed
And header Accept = "application/vnd.kafka.v2+json" ....................... passed
When method delete ........................................................ failed

Stack Trace:
com.intuit.karate.exception.KarateException: Karate22Kafka3.feature:74 - 
java.net.SocketTimeoutException: Read timed out&#13;
	at ✽.When method delete (Karate22Kafka3.feature:74)&#13;

Then status 204 ........................................................... skipped</failure>
  </testcase>
  <testcase classname="featurefiles.Karate22Kafka3" name="Deleting consumer" time="5.010001">
    <failure message="Karate22Kafka3.feature:81 - &#10;java.net.SocketTimeoutException: Read timed out">Given url "http://192.168.1.62:8082" ...................................... passed
Given path "/consumers/my-consumer-group" ................................. passed
And request ............................................................... passed
And header Content-Type = "application/vnd.kafka.json.v2+json" ............ passed
When method post .......................................................... failed

Stack Trace:
com.intuit.karate.exception.KarateException: Karate22Kafka3.feature:19 - 
java.net.SocketTimeoutException: Read timed out&#13;
	at ✽.When method post (Karate22Kafka3.feature:19)&#13;

Then status 200 ........................................................... skipped
* print response .......................................................... skipped
* match response.instance_id == "pravalika_consumer" ...................... skipped
* def consumer_url = response.base_uri .................................... skipped
* print consumer_url ...................................................... skipped
Given url "http://192.168.1.62:8082" ...................................... passed
Given path "/consumers/my-consumer-group/instances/pravalika_consumer/subscription" . passed
And request ............................................................... passed
And header Content-Type = "application/vnd.kafka.v2+json" ................. passed
When method post .......................................................... failed

Stack Trace:
com.intuit.karate.exception.KarateException: Karate22Kafka3.feature:37 - 
java.net.SocketTimeoutException: Read timed out&#13;
	at ✽.When method post (Karate22Kafka3.feature:37)&#13;

Then status 204 ........................................................... skipped
Given url "http://192.168.1.62:8082" ...................................... passed
Given path "/consumers/my-consumer-group/instances/pravalika_consumer/subscription" . passed
And header Accept = "application/vnd.kafka.v2+json" ....................... passed
When method get ........................................................... failed

Stack Trace:
com.intuit.karate.exception.KarateException: Karate22Kafka3.feature:45 - 
java.net.SocketTimeoutException: Read timed out&#13;
	at ✽.When method get (Karate22Kafka3.feature:45)&#13;

Then status 200 ........................................................... skipped
* print response .......................................................... skipped
* assert response.topics[0] == "pravalika_topic" .......................... skipped
Given url "http://192.168.1.62:8082" ...................................... passed
Given path "/consumers/my-consumer-group/instances/pravalika_consumer/records" . passed
And param timeout = 3000 .................................................. passed
And param max_bytes = 300000 .............................................. passed
And header Accept = "application/vnd.kafka.json.v2+json" .................. passed
When method get ........................................................... failed

Stack Trace:
com.intuit.karate.exception.KarateException: Karate22Kafka3.feature:56 - 
java.net.SocketTimeoutException: Read timed out&#13;
	at ✽.When method get (Karate22Kafka3.feature:56)&#13;

Then status 200 ........................................................... skipped
* print response .......................................................... skipped
Given url "http://192.168.1.62:8082" ...................................... passed
Given path "/consumers/my-consumer-group/instances/pravalika_consumer/assignments" . passed
And header Accept = "application/vnd.kafka.v2+json" ....................... passed
When method get ........................................................... failed

Stack Trace:
com.intuit.karate.exception.KarateException: Karate22Kafka3.feature:64 - 
java.net.SocketTimeoutException: Read timed out&#13;
	at ✽.When method get (Karate22Kafka3.feature:64)&#13;

Then status 200 ........................................................... skipped
* print response .......................................................... skipped
* assert response.partitions[0].topic == "pravalika_topic" ................ skipped
Given url "http://192.168.1.62:8082" ...................................... passed
Given path "/consumers/my-consumer-group/instances/pravalika_consumer/subscription" . passed
And header Accept = "application/vnd.kafka.v2+json" ....................... passed
When method delete ........................................................ failed

Stack Trace:
com.intuit.karate.exception.KarateException: Karate22Kafka3.feature:74 - 
java.net.SocketTimeoutException: Read timed out&#13;
	at ✽.When method delete (Karate22Kafka3.feature:74)&#13;

Then status 204 ........................................................... skipped
Given url "http://192.168.1.62:8082" ...................................... passed
Given path "/consumers/my-consumer-group/instances/pravalika_consumer" .... passed
And header Accept = "application/vnd.kafka.v2+json" ....................... passed
When method delete ........................................................ failed

Stack Trace:
com.intuit.karate.exception.KarateException: Karate22Kafka3.feature:81 - 
java.net.SocketTimeoutException: Read timed out&#13;
	at ✽.When method delete (Karate22Kafka3.feature:81)&#13;

Then status 204 ........................................................... skipped</failure>
  </testcase>
  <testcase classname="featurefiles.Karate22Kafka3" name="Deleting consumer - Negative Test Case" time="5.011415">
    <failure message="Karate22Kafka3.feature:87 - &#10;java.net.SocketTimeoutException: Read timed out">Given url "http://192.168.1.62:8082" ...................................... passed
Given path "/consumers/my-consumer-group" ................................. passed
And request ............................................................... passed
And header Content-Type = "application/vnd.kafka.json.v2+json" ............ passed
When method post .......................................................... failed

Stack Trace:
com.intuit.karate.exception.KarateException: Karate22Kafka3.feature:19 - 
java.net.SocketTimeoutException: Read timed out&#13;
	at ✽.When method post (Karate22Kafka3.feature:19)&#13;

Then status 200 ........................................................... skipped
* print response .......................................................... skipped
* match response.instance_id == "pravalika_consumer" ...................... skipped
* def consumer_url = response.base_uri .................................... skipped
* print consumer_url ...................................................... skipped
Given url "http://192.168.1.62:8082" ...................................... passed
Given path "/consumers/my-consumer-group/instances/pravalika_consumer/subscription" . passed
And request ............................................................... passed
And header Content-Type = "application/vnd.kafka.v2+json" ................. passed
When method post .......................................................... failed

Stack Trace:
com.intuit.karate.exception.KarateException: Karate22Kafka3.feature:37 - 
java.net.SocketTimeoutException: Read timed out&#13;
	at ✽.When method post (Karate22Kafka3.feature:37)&#13;

Then status 204 ........................................................... skipped
Given url "http://192.168.1.62:8082" ...................................... passed
Given path "/consumers/my-consumer-group/instances/pravalika_consumer/subscription" . passed
And header Accept = "application/vnd.kafka.v2+json" ....................... passed
When method get ........................................................... failed

Stack Trace:
com.intuit.karate.exception.KarateException: Karate22Kafka3.feature:45 - 
java.net.SocketTimeoutException: Read timed out&#13;
	at ✽.When method get (Karate22Kafka3.feature:45)&#13;

Then status 200 ........................................................... skipped
* print response .......................................................... skipped
* assert response.topics[0] == "pravalika_topic" .......................... skipped
Given url "http://192.168.1.62:8082" ...................................... passed
Given path "/consumers/my-consumer-group/instances/pravalika_consumer/records" . passed
And param timeout = 3000 .................................................. passed
And param max_bytes = 300000 .............................................. passed
And header Accept = "application/vnd.kafka.json.v2+json" .................. passed
When method get ........................................................... failed

Stack Trace:
com.intuit.karate.exception.KarateException: Karate22Kafka3.feature:56 - 
java.net.SocketTimeoutException: Read timed out&#13;
	at ✽.When method get (Karate22Kafka3.feature:56)&#13;

Then status 200 ........................................................... skipped
* print response .......................................................... skipped
Given url "http://192.168.1.62:8082" ...................................... passed
Given path "/consumers/my-consumer-group/instances/pravalika_consumer/assignments" . passed
And header Accept = "application/vnd.kafka.v2+json" ....................... passed
When method get ........................................................... failed

Stack Trace:
com.intuit.karate.exception.KarateException: Karate22Kafka3.feature:64 - 
java.net.SocketTimeoutException: Read timed out&#13;
	at ✽.When method get (Karate22Kafka3.feature:64)&#13;

Then status 200 ........................................................... skipped
* print response .......................................................... skipped
* assert response.partitions[0].topic == "pravalika_topic" ................ skipped
Given url "http://192.168.1.62:8082" ...................................... passed
Given path "/consumers/my-consumer-group/instances/pravalika_consumer/subscription" . passed
And header Accept = "application/vnd.kafka.v2+json" ....................... passed
When method delete ........................................................ failed

Stack Trace:
com.intuit.karate.exception.KarateException: Karate22Kafka3.feature:74 - 
java.net.SocketTimeoutException: Read timed out&#13;
	at ✽.When method delete (Karate22Kafka3.feature:74)&#13;

Then status 204 ........................................................... skipped
Given url "http://192.168.1.62:8082" ...................................... passed
Given path "/consumers/my-consumer-group/instances/pravalika_consumer" .... passed
And header Accept = "application/vnd.kafka.v2+json" ....................... passed
When method delete ........................................................ failed

Stack Trace:
com.intuit.karate.exception.KarateException: Karate22Kafka3.feature:81 - 
java.net.SocketTimeoutException: Read timed out&#13;
	at ✽.When method delete (Karate22Kafka3.feature:81)&#13;

Then status 204 ........................................................... skipped
Given url "http://192.168.1.62:8082" ...................................... passed
Given path "/consumers/my-consumer-group/instances/pravalika_consumer" .... passed
And header Accept = "application/vnd.kafka.v2+json" ....................... passed
When method delete ........................................................ failed

Stack Trace:
com.intuit.karate.exception.KarateException: Karate22Kafka3.feature:87 - 
java.net.SocketTimeoutException: Read timed out&#13;
	at ✽.When method delete (Karate22Kafka3.feature:87)&#13;

Then status 404 ........................................................... skipped
* assert response.message == "Consumer instance not found." ............... skipped</failure>
  </testcase>
</testsuite>
