<testsuite failures="0" name="featurefiles/Karate06.feature" skipped="0" tests="1" time="0.005522">
  <testcase classname="featurefiles.Karate06" name="Karate logical operator validation" time="0.005522">
    <system-out>* def a = 10 .............................................................. passed
* def b = 30 .............................................................. passed
* assert a == 10 &amp;&amp; b == 30 ............................................... passed
* print "print assert" .................................................... passed</system-out>
  </testcase>
</testsuite>
