<testsuite failures="0" name="featurefiles/Karate05RestApi.feature" skipped="0" tests="1" time="0.321014">
  <testcase classname="featurefiles.Karate05RestApi" name="Rest api test case 1" time="0.321014">
    <system-out>Given url "https://www.w3schools.com/xml/tempconvert.asmx/CelsiusToFahrenheit" . passed
And header Content-Type = "application/x-www-form-urlencoded" ............. passed
And request "Celsius=40" .................................................. passed
When method POST .......................................................... passed
Then status 200 ........................................................... passed
* print responseHeaders ................................................... passed
* print responseTime ...................................................... passed
* print response .......................................................... passed
* match responseType == "xml" ............................................. passed
* assert responseTime &lt;= 1000 ............................................. passed
* match response contains "104" ........................................... passed
* match response //string == 104 .......................................... passed</system-out>
  </testcase>
</testsuite>
