<testsuite failures="1" name="featurefiles/Karate03.feature" skipped="0" tests="7" time="0.043041">
  <testcase classname="featurefiles.Karate03" name="XML test case 1" time="0.018297">
    <system-out>Given def xml = &lt;info&gt;&lt;id&gt;101&lt;/id&gt;&lt;tool&gt;&lt;name&gt;Karate&lt;/name&gt;&lt;version&gt;0.9.6&lt;/version&gt;&lt;/tool&gt;&lt;/info&gt; . passed
* print xml ............................................................... passed
* print xml/info/id ....................................................... passed
* print xml.info.id ....................................................... passed
* print xml.info.tool.name ................................................ passed</system-out>
  </testcase>
  <testcase classname="featurefiles.Karate03" name="XML test case 2" time="0.002844">
    <system-out>Given def xml = &lt;info&gt;&lt;id&gt;101&lt;/id&gt;&lt;tool&gt;&lt;name&gt;Karate&lt;/name&gt;&lt;version&gt;0.9.6&lt;/version&gt;&lt;/tool&gt;&lt;/info&gt; . passed
* print xml ............................................................... passed
* print xml/info/id ....................................................... passed
* print xml.info.id ....................................................... passed
* print xml.info.tool.name ................................................ passed
Given def xml = ........................................................... passed
* print xml ............................................................... passed
* print xml/info/id ....................................................... passed
* print xml.info.id ....................................................... passed
* print xml.info.tool.name ................................................ passed</system-out>
  </testcase>
  <testcase classname="featurefiles.Karate03" name="XML test case 3" time="0.005403">
    <system-out>Given def xml = &lt;info&gt;&lt;id&gt;101&lt;/id&gt;&lt;tool&gt;&lt;name&gt;Karate&lt;/name&gt;&lt;version&gt;0.9.6&lt;/version&gt;&lt;/tool&gt;&lt;/info&gt; . passed
* print xml ............................................................... passed
* print xml/info/id ....................................................... passed
* print xml.info.id ....................................................... passed
* print xml.info.tool.name ................................................ passed
Given def xml = ........................................................... passed
* print xml ............................................................... passed
* print xml/info/id ....................................................... passed
* print xml.info.id ....................................................... passed
* print xml.info.tool.name ................................................ passed
Given def xml = &lt;info&gt;&lt;id&gt;101&lt;/id&gt;&lt;tool&gt;&lt;name&gt;Karate&lt;/name&gt;&lt;version&gt;0.9.6&lt;/version&gt;&lt;/tool&gt;&lt;/info&gt; . passed
* match xml/info/id == 101 ................................................ passed
* match xml.info.tool.name == "Karate" .................................... passed</system-out>
  </testcase>
  <testcase classname="featurefiles.Karate03" name="XML test case 4" time="0.00198">
    <system-out>Given def xml = &lt;info&gt;&lt;id&gt;101&lt;/id&gt;&lt;tool&gt;&lt;name&gt;Karate&lt;/name&gt;&lt;version&gt;0.9.6&lt;/version&gt;&lt;/tool&gt;&lt;/info&gt; . passed
* print xml ............................................................... passed
* print xml/info/id ....................................................... passed
* print xml.info.id ....................................................... passed
* print xml.info.tool.name ................................................ passed
Given def xml = ........................................................... passed
* print xml ............................................................... passed
* print xml/info/id ....................................................... passed
* print xml.info.id ....................................................... passed
* print xml.info.tool.name ................................................ passed
Given def xml = &lt;info&gt;&lt;id&gt;101&lt;/id&gt;&lt;tool&gt;&lt;name&gt;Karate&lt;/name&gt;&lt;version&gt;0.9.6&lt;/version&gt;&lt;/tool&gt;&lt;/info&gt; . passed
* match xml/info/id == 101 ................................................ passed
* match xml.info.tool.name == "Karate" .................................... passed
Given def xml = &lt;info&gt;&lt;id&gt;101&lt;/id&gt;&lt;tool&gt;&lt;name&gt;Karate&lt;/name&gt;&lt;version&gt;0.9.6&lt;/version&gt;&lt;/tool&gt;&lt;/info&gt; . passed
* match xml contains "Karate" ............................................. passed</system-out>
  </testcase>
  <testcase classname="featurefiles.Karate03" name="XML test case 5" time="0.00354">
    <system-out>Given def xml = &lt;info&gt;&lt;id&gt;101&lt;/id&gt;&lt;tool&gt;&lt;name&gt;Karate&lt;/name&gt;&lt;version&gt;0.9.6&lt;/version&gt;&lt;/tool&gt;&lt;/info&gt; . passed
* print xml ............................................................... passed
* print xml/info/id ....................................................... passed
* print xml.info.id ....................................................... passed
* print xml.info.tool.name ................................................ passed
Given def xml = ........................................................... passed
* print xml ............................................................... passed
* print xml/info/id ....................................................... passed
* print xml.info.id ....................................................... passed
* print xml.info.tool.name ................................................ passed
Given def xml = &lt;info&gt;&lt;id&gt;101&lt;/id&gt;&lt;tool&gt;&lt;name&gt;Karate&lt;/name&gt;&lt;version&gt;0.9.6&lt;/version&gt;&lt;/tool&gt;&lt;/info&gt; . passed
* match xml/info/id == 101 ................................................ passed
* match xml.info.tool.name == "Karate" .................................... passed
Given def xml = &lt;info&gt;&lt;id&gt;101&lt;/id&gt;&lt;tool&gt;&lt;name&gt;Karate&lt;/name&gt;&lt;version&gt;0.9.6&lt;/version&gt;&lt;/tool&gt;&lt;/info&gt; . passed
* match xml contains "Karate" ............................................. passed
Given def xml = &lt;info&gt;&lt;id&gt;101&lt;/id&gt;&lt;tool&gt;&lt;name&gt;Karate&lt;/name&gt;&lt;version&gt;0.9.6&lt;/version&gt;&lt;/tool&gt;&lt;/info&gt; . passed
* match xml contains "&lt;name&gt;Karate&lt;/name&gt;" ................................ passed</system-out>
  </testcase>
  <testcase classname="featurefiles.Karate03" name="xml test case6" time="0.004152">
    <system-out>Given def xml = &lt;info&gt;&lt;id&gt;101&lt;/id&gt;&lt;tool&gt;&lt;name&gt;Karate&lt;/name&gt;&lt;version&gt;0.9.6&lt;/version&gt;&lt;/tool&gt;&lt;/info&gt; . passed
* print xml ............................................................... passed
* print xml/info/id ....................................................... passed
* print xml.info.id ....................................................... passed
* print xml.info.tool.name ................................................ passed
Given def xml = ........................................................... passed
* print xml ............................................................... passed
* print xml/info/id ....................................................... passed
* print xml.info.id ....................................................... passed
* print xml.info.tool.name ................................................ passed
Given def xml = &lt;info&gt;&lt;id&gt;101&lt;/id&gt;&lt;tool&gt;&lt;name&gt;Karate&lt;/name&gt;&lt;version&gt;0.9.6&lt;/version&gt;&lt;/tool&gt;&lt;/info&gt; . passed
* match xml/info/id == 101 ................................................ passed
* match xml.info.tool.name == "Karate" .................................... passed
Given def xml = &lt;info&gt;&lt;id&gt;101&lt;/id&gt;&lt;tool&gt;&lt;name&gt;Karate&lt;/name&gt;&lt;version&gt;0.9.6&lt;/version&gt;&lt;/tool&gt;&lt;/info&gt; . passed
* match xml contains "Karate" ............................................. passed
Given def xml = &lt;info&gt;&lt;id&gt;101&lt;/id&gt;&lt;tool&gt;&lt;name&gt;Karate&lt;/name&gt;&lt;version&gt;0.9.6&lt;/version&gt;&lt;/tool&gt;&lt;/info&gt; . passed
* match xml contains "&lt;name&gt;Karate&lt;/name&gt;" ................................ passed
Given def xml = ........................................................... passed
* match xml/info/tool[1]/name contains "Karate" ........................... passed
* match xml/info/tool[2]/name contains "IntelliJ" ......................... passed</system-out>
  </testcase>
  <testcase classname="featurefiles.Karate03" name="xml test case7" time="0.006827">
    <failure message="Karate03.feature:71 - evaluation (js) failed: (xml/info/tool[1]/name) == &quot;Karate&quot; &amp;&amp; (xml/info/tool[2]/name) ==  &quot;IntelliJ&quot;, javax.script.ScriptException: ReferenceError: &quot;info&quot; is not defined in &lt;eval&gt; at line number 1&#10;stack trace: jdk.nashorn.api.scripting.NashornScriptEngine.throwAsScriptException(NashornScriptEngine.java:470)">Given def xml = &lt;info&gt;&lt;id&gt;101&lt;/id&gt;&lt;tool&gt;&lt;name&gt;Karate&lt;/name&gt;&lt;version&gt;0.9.6&lt;/version&gt;&lt;/tool&gt;&lt;/info&gt; . passed
* print xml ............................................................... passed
* print xml/info/id ....................................................... passed
* print xml.info.id ....................................................... passed
* print xml.info.tool.name ................................................ passed
Given def xml = ........................................................... passed
* print xml ............................................................... passed
* print xml/info/id ....................................................... passed
* print xml.info.id ....................................................... passed
* print xml.info.tool.name ................................................ passed
Given def xml = &lt;info&gt;&lt;id&gt;101&lt;/id&gt;&lt;tool&gt;&lt;name&gt;Karate&lt;/name&gt;&lt;version&gt;0.9.6&lt;/version&gt;&lt;/tool&gt;&lt;/info&gt; . passed
* match xml/info/id == 101 ................................................ passed
* match xml.info.tool.name == "Karate" .................................... passed
Given def xml = &lt;info&gt;&lt;id&gt;101&lt;/id&gt;&lt;tool&gt;&lt;name&gt;Karate&lt;/name&gt;&lt;version&gt;0.9.6&lt;/version&gt;&lt;/tool&gt;&lt;/info&gt; . passed
* match xml contains "Karate" ............................................. passed
Given def xml = &lt;info&gt;&lt;id&gt;101&lt;/id&gt;&lt;tool&gt;&lt;name&gt;Karate&lt;/name&gt;&lt;version&gt;0.9.6&lt;/version&gt;&lt;/tool&gt;&lt;/info&gt; . passed
* match xml contains "&lt;name&gt;Karate&lt;/name&gt;" ................................ passed
Given def xml = ........................................................... passed
* match xml/info/tool[1]/name contains "Karate" ........................... passed
* match xml/info/tool[2]/name contains "IntelliJ" ......................... passed
Given def xml = ........................................................... passed
* assert (xml/info/tool[1]/name) == "Karate" &amp;&amp; (xml/info/tool[2]/name) ==  "IntelliJ" . failed

Stack Trace:
com.intuit.karate.exception.KarateException: Karate03.feature:71 - evaluation (js) failed: (xml/info/tool[1]/name) == "Karate" &amp;&amp; (xml/info/tool[2]/name) ==  "IntelliJ", javax.script.ScriptException: ReferenceError: "info" is not defined in &lt;eval&gt; at line number 1
stack trace: jdk.nashorn.api.scripting.NashornScriptEngine.throwAsScriptException(NashornScriptEngine.java:470)&#13;
	at ✽.* assert (xml/info/tool[1]/name) == "Karate" &amp;&amp; (xml/info/tool[2]/name) ==  "IntelliJ" (Karate03.feature:71)</failure>
  </testcase>
</testsuite>
