<testsuite failures="0" name="featurefiles/Karate01.feature" skipped="0" tests="3" time="0.03489">
  <testcase classname="featurefiles.Karate01" name="karate test case 1" time="0.016227">
    <system-out>Given def a = 10 .......................................................... passed
And def b = 20 ............................................................ passed
When def c = a + b ........................................................ passed
Then assert c == 30 ....................................................... passed
And print "c = ",c ........................................................ passed
And karate.log("end of log") .............................................. passed</system-out>
  </testcase>
  <testcase classname="featurefiles.Karate01" name="karate test case 2" time="0.01709">
    <system-out>Given def a = 10 .......................................................... passed
And def b = 20 ............................................................ passed
When def c = a + b ........................................................ passed
Then assert c == 30 ....................................................... passed
And print "c = ",c ........................................................ passed
And karate.log("end of log") .............................................. passed
Given def a = 10 .......................................................... passed
* def b = 20 .............................................................. passed
When def c = a + b ........................................................ passed
Then assert c == 30 ....................................................... passed
* print "c = ",c .......................................................... passed
* karate.log("end of log") ................................................ passed</system-out>
  </testcase>
  <testcase classname="featurefiles.Karate01" name="karate test case 3" time="0.001573">
    <system-out>Given def a = 10 .......................................................... passed
And def b = 20 ............................................................ passed
When def c = a + b ........................................................ passed
Then assert c == 30 ....................................................... passed
And print "c = ",c ........................................................ passed
And karate.log("end of log") .............................................. passed
Given def a = 10 .......................................................... passed
* def b = 20 .............................................................. passed
When def c = a + b ........................................................ passed
Then assert c == 30 ....................................................... passed
* print "c = ",c .......................................................... passed
* karate.log("end of log") ................................................ passed
* def a = 10 .............................................................. passed
* def b = 20 .............................................................. passed
* def c = a + b ........................................................... passed
* assert c == 30 .......................................................... passed
* print "c = ",c .......................................................... passed
* karate.log("end of log") ................................................ passed</system-out>
  </testcase>
</testsuite>
