<testsuite failures="0" name="featurefiles/Karate15DB.feature" skipped="0" tests="4" time="0.348399">
  <testcase classname="featurefiles.Karate15DB" name="select stmt test case" time="0.215516">
    <system-out>* def db = Java.type('misc.MyDBUtil') ..................................... passed
* def rows = db.selectStatement("select * from tools") .................... passed
* print rows .............................................................. passed
* match rows contains "Selenium" .......................................... passed</system-out>
  </testcase>
  <testcase classname="featurefiles.Karate15DB" name="insert stmt test case" time="0.08677">
    <system-out>* def db = Java.type('misc.MyDBUtil') ..................................... passed
* def rows = db.selectStatement("select * from tools") .................... passed
* print rows .............................................................. passed
* match rows contains "Selenium" .......................................... passed
* def db = Java.type('misc.MyDBUtil') ..................................... passed
* def res = db.insertStatement("Insert into tools values(188,'sample2','xyz')") . passed
* print res ............................................................... passed
* match res == 'Success' .................................................. passed</system-out>
  </testcase>
  <testcase classname="featurefiles.Karate15DB" name="update stmt test case" time="0.023888">
    <system-out>* def db = Java.type('misc.MyDBUtil') ..................................... passed
* def rows = db.selectStatement("select * from tools") .................... passed
* print rows .............................................................. passed
* match rows contains "Selenium" .......................................... passed
* def db = Java.type('misc.MyDBUtil') ..................................... passed
* def res = db.insertStatement("Insert into tools values(188,'sample2','xyz')") . passed
* print res ............................................................... passed
* match res == 'Success' .................................................. passed
* def db = Java.type('misc.MyDBUtil') ..................................... passed
* def rowsAffected = db.updateStatement("update tools set name='Warrior' where id=188") . passed
* print rowsAffected ...................................................... passed
* assert rowsAffected &gt;= 1 ................................................ passed</system-out>
  </testcase>
  <testcase classname="featurefiles.Karate15DB" name="delete stmt test case" time="0.022225">
    <system-out>* def db = Java.type('misc.MyDBUtil') ..................................... passed
* def rows = db.selectStatement("select * from tools") .................... passed
* print rows .............................................................. passed
* match rows contains "Selenium" .......................................... passed
* def db = Java.type('misc.MyDBUtil') ..................................... passed
* def res = db.insertStatement("Insert into tools values(188,'sample2','xyz')") . passed
* print res ............................................................... passed
* match res == 'Success' .................................................. passed
* def db = Java.type('misc.MyDBUtil') ..................................... passed
* def rowsAffected = db.updateStatement("update tools set name='Warrior' where id=188") . passed
* print rowsAffected ...................................................... passed
* assert rowsAffected &gt;= 1 ................................................ passed
* def db = Java.type('misc.MyDBUtil') ..................................... passed
* def rowsAffected = db.deleteStatement("delete from tools where id=188") . passed
* print rowsAffected ...................................................... passed
* assert rowsAffected &gt;= 1 ................................................ passed</system-out>
  </testcase>
</testsuite>
