<testsuite failures="0" name="featurefiles/Karate17_splunkValidation.feature" skipped="0" tests="2" time="0.140013">
  <testcase classname="featurefiles.Karate17_splunkValidation" name="Job Search 1" time="0.092533">
    <system-out>* def login = ............................................................. passed
* def auth = login("palmetoadmin", "P@lmeto@123") ......................... passed
* print auth .............................................................. passed
* configure ssl = true .................................................... passed
Given url "https://192.168.1.62:8089" ..................................... passed
And header Authorization = auth ........................................... passed
Given path "/services/search/jobs" ........................................ passed
When method get ........................................................... passed
Then status 200 ........................................................... passed
* print responseType ...................................................... passed
* def util = Java.type('misc.Util') ....................................... passed
* def res = get response .................................................. passed
* util.writeToFile("splunkOutput.txt",res) ................................ passed
* def title = get response //feed/title ................................... passed
* print title ............................................................. passed
* match title == "jobs" ................................................... passed</system-out>
  </testcase>
  <testcase classname="featurefiles.Karate17_splunkValidation" name="Alert Search 1" time="0.047479">
    <system-out>* def login = ............................................................. passed
* def auth = login("palmetoadmin", "P@lmeto@123") ......................... passed
* print auth .............................................................. passed
* configure ssl = true .................................................... passed
Given url "https://192.168.1.62:8089" ..................................... passed
And header Authorization = auth ........................................... passed
Given path "/services/search/jobs" ........................................ passed
When method get ........................................................... passed
Then status 200 ........................................................... passed
* print responseType ...................................................... passed
* def util = Java.type('misc.Util') ....................................... passed
* def res = get response .................................................. passed
* util.writeToFile("splunkOutput.txt",res) ................................ passed
* def title = get response //feed/title ................................... passed
* print title ............................................................. passed
* match title == "jobs" ................................................... passed
* def login = ............................................................. passed
* def auth = login("palmetoadmin", "P@lmeto@123") ......................... passed
* print auth .............................................................. passed
* configure ssl = true .................................................... passed
Given url "https://192.168.1.62:8089" ..................................... passed
And header Authorization = auth ........................................... passed
Given path "/services/alerts/alert_actions" ............................... passed
When method get ........................................................... passed
Then status 200 ........................................................... passed
* print responseType ...................................................... passed
* def title = get response //feed/title ................................... passed
* print title ............................................................. passed
* match title == "alert_actions" .......................................... passed</system-out>
  </testcase>
</testsuite>
