<testsuite failures="0" name="featurefiles/Karate14.feature" skipped="0" tests="2" time="0.017516">
  <testcase classname="featurefiles.Karate14" name="Non static method TC" time="0.012029">
    <system-out>* def env1 = .............................................................. passed
* print env1() ............................................................ passed
* def res = call env1 ..................................................... passed
* print res ............................................................... passed</system-out>
  </testcase>
  <testcase classname="featurefiles.Karate14" name="static method TC" time="0.005487">
    <system-out>* def env1 = .............................................................. passed
* print env1() ............................................................ passed
* def res = call env1 ..................................................... passed
* print res ............................................................... passed
* def env2 = .............................................................. passed
* print env2() ............................................................ passed
* def res = call env2 ..................................................... passed
* print res ............................................................... passed</system-out>
  </testcase>
</testsuite>
