<testsuite failures="0" name="featurefiles/Karate23usingconfig.feature" skipped="0" tests="1" time="0.171473">
  <testcase classname="featurefiles.Karate23usingconfig" name="Karate config test case" time="0.171473">
    <system-out>Given url baseUrl ......................................................... passed
And path listUsers ........................................................ passed
When method get ........................................................... passed
Then status 200 ........................................................... passed
* print response .......................................................... passed</system-out>
  </testcase>
</testsuite>
